<?xml version="1.0" encoding="UTF-8"?>
<beans xmlns="http://www.springframework.org/schema/beans"
   xmlns:xsi="http://www.w3.org/2001/XMLSchema-instance"
   xmlns:tx="http://www.springframework.org/schema/tx"
   xmlns:context="http://www.springframework.org/schema/context"
   xsi:schemaLocation="
      http://www.springframework.org/schema/beans 
      http://www.springframework.org/schema/beans/spring-beans-3.2.xsd
      http://www.springframework.org/schema/tx 
      http://www.springframework.org/schema/tx/spring-tx-3.2.xsd
      http://www.springframework.org/schema/context http://www.springframework.org/schema/context/spring-context-4.2.xsd">
    
    <context:annotation-config />  
    <tx:annotation-driven /> 
    
  <bean id="sessionFactory" class="de.micromata.mgc.jpa.spring.test.TestJpaToSessionFactorySpringBeanFactory"/>
    
  <bean id="emfBean"  class="de.micromata.mgc.jpa.spring.test.SpringJpaEmgrFactory" factory-method="getMyEntityManagerFactory"/>
  <bean id="transactionManager" class="org.springframework.orm.jpa.JpaTransactionManager">
    <property name="entityManagerFactory" ref="emfBean">
      
    </property>
  </bean>    
  
  <bean id="testSpringService" class="de.micromata.mgc.jpa.spring.test.TestSpringService"/>
  <bean id="hibernateSession" class="de.micromata.mgc.jpa.spring.factories.JpaToSessionSpringBeanFactory"/>
</beans>